    Checking tauri-runtime v2.10.1
   Compiling wizwalker-gui v0.1.0 (/app/gui/tauri/src-tauri)
    Checking wizwalker v0.1.0 (/app/wizwalker)
    Checking base64 v0.22.1
error: failed to run custom build command for `wizwalker-gui v0.1.0 (/app/gui/tauri/src-tauri)`

Caused by:
  process didn't exit successfully: `/app/target/debug/build/wizwalker-gui-7f5ce3518987110f/build-script-build` (exit status: 101)
  --- stdout
  cargo:rerun-if-env-changed=TAURI_CONFIG
  cargo:rustc-check-cfg=cfg(desktop)
  cargo:rustc-cfg=desktop
  cargo:rustc-check-cfg=cfg(mobile)
  cargo:rerun-if-changed=/app/gui/tauri/src-tauri/tauri.conf.json
  cargo:rustc-env=TAURI_ANDROID_PACKAGE_NAME_APP_NAME=app
  cargo:rustc-env=TAURI_ANDROID_PACKAGE_NAME_PREFIX=com_arcane
  cargo:rustc-check-cfg=cfg(dev)
  cargo:rustc-cfg=dev
  cargo:PERMISSION_FILES_PATH=/app/target/x86_64-pc-windows-gnu/debug/build/wizwalker-gui-49e264b6a0595ccf/out/app-manifest/__app__-permission-files
  cargo:rerun-if-changed=capabilities
  cargo:rerun-if-env-changed=REMOVE_UNUSED_COMMANDS
  cargo:rustc-env=TAURI_ENV_TARGET_TRIPLE=x86_64-pc-windows-gnu
  package.metadata does not exist

  --- stderr

  thread 'main' (10185) panicked at /home/jules/.cargo/registry/src/index.crates.io-1949cf8c6b5b557f/tauri-winres-0.3.5/src/lib.rs:536:14:
  called `Result::unwrap()` on an `Err` value: NotAttempted("x86_64-w64-mingw32-windres")
  note: run with `RUST_BACKTRACE=1` environment variable to display a backtrace
warning: build failed, waiting for other jobs to finish...
warning: variable does not need to be mutable
   --> wizwalker/src/memory/hooks.rs:568:13
    |
568 |         let mut packed_should_update = packed_export;
    |             ----^^^^^^^^^^^^^^^^^^^^
    |             |
    |             help: remove this `mut`
    |
    = note: `#[warn(unused_mut)]` (part of `#[warn(unused)]`) on by default

warning: unused variable: `packed_should_update`
   --> wizwalker/src/memory/hooks.rs:568:13
    |
568 |         let mut packed_should_update = packed_export;
    |             ^^^^^^^^^^^^^^^^^^^^^^^^ help: if this is intentional, prefix it with an underscore: `_packed_should_update`
    |
    = note: `#[warn(unused_variables)]` (part of `#[warn(unused)]`) on by default

warning: associated constant `GC_SELECTED_CAMERA` is never used
   --> wizwalker/src/client.rs:849:11
    |
 62 | impl Client {
    | ----------- associated constant in this implementation
...
849 |     const GC_SELECTED_CAMERA: usize = 0x22290;
    |           ^^^^^^^^^^^^^^^^^^
    |
    = note: `#[warn(dead_code)]` (part of `#[warn(unused)]`) on by default

warning: associated constant `GETCLASSINFOEX_PATTERN` is never used
   --> wizwalker/src/memory/hooks.rs:728:11
    |
723 | impl MouselessCursorMoveHook {
    | ---------------------------- associated constant in this implementation
...
728 |     const GETCLASSINFOEX_PATTERN: &[u8] = &[
    |           ^^^^^^^^^^^^^^^^^^^^^^

warning: `wizwalker` (lib) generated 4 warnings (run `cargo fix --lib -p wizwalker` to apply 2 suggestions)
